This is pdfTeX, Version 3.141592653-2.6-1.40.24 (MiKTeX 22.1) (preloaded format=pdflatex 2024.3.7)  21 MAR 2024 15:12
entering extended mode
 restricted \write18 enabled.
 %&-line parsing enabled.
**"/Users/nikhil/Library/CloudStorage/OneDrive-TheUniversityofSydney(Students)/
Semester 1 2024/INFO1111/INFO1111_CC09/INFO1111 Skills Template/INFO1111 Skills
 Template.tex"

(/Users/nikhil/Library/CloudStorage/OneDrive-TheUniversityofSydney(Students)/Se
mester 1 2024/INFO1111/INFO1111_CC09/INFO1111 Skills Template/INFO1111 Skills T
emplate.tex
LaTeX2e <2023-11-01> patch level 1
L3 programming layer <2024-02-20>

(/Users/nikhil/Library/Application Support/MiKTeX/texmfs/install/tex/latex/base
/report.cls
Document Class: report 2023/05/17 v1.4n Standard LaTeX document class

(/Users/nikhil/Library/Application Support/MiKTeX/texmfs/install/tex/latex/base
/size11.clo
File: size11.clo 2023/05/17 v1.4n Standard LaTeX file (size option)
)
\c@part=\count188
\c@chapter=\count189
\c@section=\count190
\c@subsection=\count191
\c@subsubsection=\count192
\c@paragraph=\count193
\c@subparagraph=\count194
\c@figure=\count195
\c@table=\count196
\abovecaptionskip=\skip48
\belowcaptionskip=\skip49
\bibindent=\dimen140
)
(/Users/nikhil/Library/Application Support/MiKTeX/texmfs/install/tex/latex/blin
dtext/blindtext.sty
Package: blindtext 2012/01/06 V2.0 blindtext-Package

(/Users/nikhil/Library/Application Support/MiKTeX/texmfs/install/tex/latex/tool
s/xspace.sty
Package: xspace 2014/10/28 v1.13 Space after command names (DPC,MH)
)
\c@blindtext=\count197
\c@Blindtext=\count198
\c@blind@countparstart=\count199
\blind@countxx=\count266
\blindtext@numBlindtext=\count267
\blind@countyy=\count268
\c@blindlist=\count269
\c@blindlistlevel=\count270
\c@blindlist@level=\count271
\blind@listitem=\count272
\c@blind@listcount=\count273
\c@blind@levelcount=\count274
\blind@mathformula=\count275
\blind@Mathformula=\count276
\c@blind@randomcount=\count277
\c@blind@randommax=\count278
\c@blind@pangramcount=\count279
\c@blind@pangrammax=\count280
)
(/Users/nikhil/Library/Application Support/MiKTeX/texmfs/install/tex/latex/base
/fontenc.sty
Package: fontenc 2021/04/29 v2.0v Standard LaTeX package
)
(/Users/nikhil/Library/Application Support/MiKTeX/texmfs/install/tex/latex/base
/inputenc.sty
Package: inputenc 2021/02/14 v1.3d Input encoding file
\inpenc@prehook=\toks17
\inpenc@posthook=\toks18
)
(/Users/nikhil/Library/Application Support/MiKTeX/texmfs/install/tex/latex/titl
esec/titlesec.sty
Package: titlesec 2023/10/27 v2.16 Sectioning titles
\ttl@box=\box51
\beforetitleunit=\skip50
\aftertitleunit=\skip51
\ttl@plus=\dimen141
\ttl@minus=\dimen142
\ttl@toksa=\toks19
\titlewidth=\dimen143
\titlewidthlast=\dimen144
\titlewidthfirst=\dimen145
)
(/Users/nikhil/Library/Application Support/MiKTeX/texmfs/install/tex/latex/fanc
yhdr/fancyhdr.sty
Package: fancyhdr 2022/11/09 v4.1 Extensive control of page headers and footers

\f@nch@headwidth=\skip52
\f@nch@O@elh=\skip53
\f@nch@O@erh=\skip54
\f@nch@O@olh=\skip55
\f@nch@O@orh=\skip56
\f@nch@O@elf=\skip57
\f@nch@O@erf=\skip58
\f@nch@O@olf=\skip59
\f@nch@O@orf=\skip60
)
(/Users/nikhil/Library/Application Support/MiKTeX/texmfs/install/tex/latex/geom
etry/geometry.sty
Package: geometry 2020/01/02 v5.9 Page Geometry

(/Users/nikhil/Library/Application Support/MiKTeX/texmfs/install/tex/latex/grap
hics/keyval.sty
Package: keyval 2022/05/29 v1.15 key=value parser (DPC)
\KV@toks@=\toks20
)
(/Users/nikhil/Library/Application Support/MiKTeX/texmfs/install/tex/generic/if
tex/ifvtex.sty
Package: ifvtex 2019/10/25 v1.7 ifvtex legacy package. Use iftex instead.

(/Users/nikhil/Library/Application Support/MiKTeX/texmfs/install/tex/generic/if
tex/iftex.sty
Package: iftex 2022/02/03 v1.0f TeX engine tests
))
\Gm@cnth=\count281
\Gm@cntv=\count282
\c@Gm@tempcnt=\count283
\Gm@bindingoffset=\dimen146
\Gm@wd@mp=\dimen147
\Gm@odd@mp=\dimen148
\Gm@even@mp=\dimen149
\Gm@layoutwidth=\dimen150
\Gm@layoutheight=\dimen151
\Gm@layouthoffset=\dimen152
\Gm@layoutvoffset=\dimen153
\Gm@dimlist=\toks21

(/Users/nikhil/Library/Application Support/MiKTeX/texmfs/install/tex/latex/geom
etry/geometry.cfg))
(/Users/nikhil/Library/Application Support/MiKTeX/texmfs/install/tex/latex/base
/fix-cm.sty
Package: fix-cm 2020/11/24 v1.1t fixes to LaTeX

(/Users/nikhil/Library/Application Support/MiKTeX/texmfs/install/tex/latex/base
/ts1enc.def
File: ts1enc.def 2001/06/05 v3.0e (jk/car/fm) Standard LaTeX file
LaTeX Font Info:    Redeclaring font encoding TS1 on input line 47.
))
(/Users/nikhil/Library/Application Support/MiKTeX/texmfs/install/tex/latex/hype
rref/hyperref.sty
Package: hyperref 2024-01-20 v7.01h Hypertext links for LaTeX

(/Users/nikhil/Library/Application Support/MiKTeX/texmfs/install/tex/latex/kvse
tkeys/kvsetkeys.sty
Package: kvsetkeys 2022-10-05 v1.19 Key value parser (HO)
)
(/Users/nikhil/Library/Application Support/MiKTeX/texmfs/install/tex/generic/kv
definekeys/kvdefinekeys.sty
Package: kvdefinekeys 2019-12-19 v1.6 Define keys (HO)
)
(/Users/nikhil/Library/Application Support/MiKTeX/texmfs/install/tex/generic/pd
fescape/pdfescape.sty
Package: pdfescape 2019/12/09 v1.15 Implements pdfTeX's escape features (HO)

(/Users/nikhil/Library/Application Support/MiKTeX/texmfs/install/tex/generic/lt
xcmds/ltxcmds.sty
Package: ltxcmds 2023-12-04 v1.26 LaTeX kernel commands for general use (HO)
)
(/Users/nikhil/Library/Application Support/MiKTeX/texmfs/install/tex/generic/pd
ftexcmds/pdftexcmds.sty
Package: pdftexcmds 2020-06-27 v0.33 Utility functions of pdfTeX for LuaTeX (HO
)

(/Users/nikhil/Library/Application Support/MiKTeX/texmfs/install/tex/generic/in
fwarerr/infwarerr.sty
Package: infwarerr 2019/12/03 v1.5 Providing info/warning/error messages (HO)
)
Package pdftexcmds Info: \pdf@primitive is available.
Package pdftexcmds Info: \pdf@ifprimitive is available.
Package pdftexcmds Info: \pdfdraftmode found.
))
(/Users/nikhil/Library/Application Support/MiKTeX/texmfs/install/tex/latex/hyco
lor/hycolor.sty
Package: hycolor 2020-01-27 v1.10 Color options for hyperref/bookmark (HO)
)
(/Users/nikhil/Library/Application Support/MiKTeX/texmfs/install/tex/latex/auxh
ook/auxhook.sty
Package: auxhook 2019-12-17 v1.6 Hooks for auxiliary files (HO)
)
(/Users/nikhil/Library/Application Support/MiKTeX/texmfs/install/tex/latex/hype
rref/nameref.sty
Package: nameref 2023-11-26 v2.56 Cross-referencing by name of section

(/Users/nikhil/Library/Application Support/MiKTeX/texmfs/install/tex/latex/refc
ount/refcount.sty
Package: refcount 2019/12/15 v3.6 Data extraction from label references (HO)
)
(/Users/nikhil/Library/Application Support/MiKTeX/texmfs/install/tex/generic/ge
ttitlestring/gettitlestring.sty
Package: gettitlestring 2019/12/15 v1.6 Cleanup title references (HO)

(/Users/nikhil/Library/Application Support/MiKTeX/texmfs/install/tex/latex/kvop
tions/kvoptions.sty
Package: kvoptions 2022-06-15 v3.15 Key value format for package options (HO)
))
\c@section@level=\count284
)
(/Users/nikhil/Library/Application Support/MiKTeX/texmfs/install/tex/latex/etoo
lbox/etoolbox.sty
Package: etoolbox 2020/10/05 v2.5k e-TeX tools for LaTeX (JAW)
\etb@tempcnta=\count285
)
\@linkdim=\dimen154
\Hy@linkcounter=\count286
\Hy@pagecounter=\count287

(/Users/nikhil/Library/Application Support/MiKTeX/texmfs/install/tex/latex/hype
rref/pd1enc.def
File: pd1enc.def 2024-01-20 v7.01h Hyperref: PDFDocEncoding definition (HO)
Now handling font encoding PD1 ...
... no UTF-8 mapping file for font encoding PD1
)
(/Users/nikhil/Library/Application Support/MiKTeX/texmfs/install/tex/generic/in
tcalc/intcalc.sty
Package: intcalc 2019/12/15 v1.3 Expandable calculations with integers (HO)
)
\Hy@SavedSpaceFactor=\count288

(/Users/nikhil/Library/Application Support/MiKTeX/texmfs/install/tex/latex/hype
rref/puenc.def
File: puenc.def 2024-01-20 v7.01h Hyperref: PDF Unicode definition (HO)
Now handling font encoding PU ...
... no UTF-8 mapping file for font encoding PU
)
Package hyperref Info: Hyper figures OFF on input line 4179.
Package hyperref Info: Link nesting OFF on input line 4184.
Package hyperref Info: Hyper index ON on input line 4187.
Package hyperref Info: Plain pages OFF on input line 4194.
Package hyperref Info: Backreferencing OFF on input line 4199.
Package hyperref Info: Implicit mode ON; LaTeX internals redefined.
Package hyperref Info: Bookmarks ON on input line 4446.
\c@Hy@tempcnt=\count289

(/Users/nikhil/Library/Application Support/MiKTeX/texmfs/install/tex/latex/url/
url.sty
\Urlmuskip=\muskip16
Package: url 2013/09/16  ver 3.4  Verb mode for urls, etc.
)
LaTeX Info: Redefining \url on input line 4784.
\XeTeXLinkMargin=\dimen155

(/Users/nikhil/Library/Application Support/MiKTeX/texmfs/install/tex/generic/bi
tset/bitset.sty
Package: bitset 2019/12/09 v1.3 Handle bit-vector datatype (HO)

(/Users/nikhil/Library/Application Support/MiKTeX/texmfs/install/tex/generic/bi
gintcalc/bigintcalc.sty
Package: bigintcalc 2019/12/15 v1.5 Expandable calculations on big integers (HO
)
))
\Fld@menulength=\count290
\Field@Width=\dimen156
\Fld@charsize=\dimen157
Package hyperref Info: Hyper figures OFF on input line 6063.
Package hyperref Info: Link nesting OFF on input line 6068.
Package hyperref Info: Hyper index ON on input line 6071.
Package hyperref Info: backreferencing OFF on input line 6078.
Package hyperref Info: Link coloring OFF on input line 6083.
Package hyperref Info: Link coloring with OCG OFF on input line 6088.
Package hyperref Info: PDF/A mode OFF on input line 6093.

(/Users/nikhil/Library/Application Support/MiKTeX/texmfs/install/tex/latex/base
/atbegshi-ltx.sty
Package: atbegshi-ltx 2021/01/10 v1.0c Emulation of the original atbegshi
package with kernel methods
)
\Hy@abspage=\count291
\c@Item=\count292
\c@Hfootnote=\count293
)
Package hyperref Info: Driver (autodetected): hpdftex.

(/Users/nikhil/Library/Application Support/MiKTeX/texmfs/install/tex/latex/hype
rref/hpdftex.def
File: hpdftex.def 2024-01-20 v7.01h Hyperref driver for pdfTeX

(/Users/nikhil/Library/Application Support/MiKTeX/texmfs/install/tex/latex/base
/atveryend-ltx.sty
Package: atveryend-ltx 2020/08/19 v1.0a Emulation of the original atveryend pac
kage
with kernel methods
)
\Fld@listcount=\count294
\c@bookmark@seq@number=\count295

(/Users/nikhil/Library/Application Support/MiKTeX/texmfs/install/tex/latex/reru
nfilecheck/rerunfilecheck.sty
Package: rerunfilecheck 2022-07-10 v1.10 Rerun checks for auxiliary files (HO)

(/Users/nikhil/Library/Application Support/MiKTeX/texmfs/install/tex/generic/un
iquecounter/uniquecounter.sty
Package: uniquecounter 2019/12/15 v1.4 Provide unlimited unique counter (HO)
)
Package uniquecounter Info: New unique counter `rerunfilecheck' on input line 2
85.
)
\Hy@SectionHShift=\skip61
)
(/Users/nikhil/Library/Application Support/MiKTeX/texmfs/install/tex/latex/grap
hics/graphicx.sty
Package: graphicx 2021/09/16 v1.2d Enhanced LaTeX Graphics (DPC,SPQR)

(/Users/nikhil/Library/Application Support/MiKTeX/texmfs/install/tex/latex/grap
hics/graphics.sty
Package: graphics 2022/03/10 v1.4e Standard LaTeX Graphics (DPC,SPQR)

(/Users/nikhil/Library/Application Support/MiKTeX/texmfs/install/tex/latex/grap
hics/trig.sty
Package: trig 2021/08/11 v1.11 sin cos tan (DPC)
)
(/Users/nikhil/Library/Application Support/MiKTeX/texmfs/install/tex/latex/grap
hics-cfg/graphics.cfg
File: graphics.cfg 2016/06/04 v1.11 sample graphics configuration
)
Package graphics Info: Driver file: pdftex.def on input line 107.

(/Users/nikhil/Library/Application Support/MiKTeX/texmfs/install/tex/latex/grap
hics-def/pdftex.def
File: pdftex.def 2022/09/22 v1.2b Graphics/color driver for pdftex
))
\Gin@req@height=\dimen158
\Gin@req@width=\dimen159
)
(/Users/nikhil/Library/Application Support/MiKTeX/texmfs/install/tex/latex/mult
irow/multirow.sty
Package: multirow 2021/03/15 v2.8 Span multiple rows of a table
\multirow@colwidth=\skip62
\multirow@cntb=\count296
\multirow@dima=\skip63
\bigstrutjot=\dimen160
)
(/Users/nikhil/Library/Application Support/MiKTeX/texmfs/install/tex/generic/ba
bel/babel.sty
Package: babel 2024/02/07 v24.2 The Babel package
\babel@savecnt=\count297
\U@D=\dimen161
\l@unhyphenated=\language79

(/Users/nikhil/Library/Application Support/MiKTeX/texmfs/install/tex/generic/ba
bel/txtbabel.def)
\bbl@readstream=\read2
\bbl@dirlevel=\count298

*************************************
* Local config file bblopts.cfg used
*

(/Users/nikhil/Library/Application Support/MiKTeX/texmfs/install/tex/latex/arab
i/bblopts.cfg
File: bblopts.cfg 2005/09/08 v0.1 add Arabic and Farsi to "declared" options of
 babel
)
(/Users/nikhil/Library/Application Support/MiKTeX/texmfs/install/tex/latex/babe
l-english/english.ldf
Language: english 2017/06/06 v3.3r English support from the babel system
Package babel Info: Hyphen rules for 'canadian' set to \l@english
(babel)             (\language0). Reported on input line 102.
Package babel Info: Hyphen rules for 'australian' set to \l@ukenglish
(babel)             (\language73). Reported on input line 105.
Package babel Info: Hyphen rules for 'newzealand' set to \l@ukenglish
(babel)             (\language73). Reported on input line 108.
))
(/Users/nikhil/Library/Application Support/MiKTeX/texmfs/install/tex/generic/ba
bel/locale/en/babel-english.tex
Package babel Info: Importing font and identification data for english
(babel)             from babel-en.ini. Reported on input line 11.
)
(/Users/nikhil/Library/Application Support/MiKTeX/texmfs/install/tex/latex/tocl
oft/tocloft.sty
Package: tocloft 2017/08/31 v2.3i parameterised ToC, etc., typesetting
Package tocloft Info: The document has chapter divisions on input line 51.
\cftparskip=\skip64
\cftbeforetoctitleskip=\skip65
\cftaftertoctitleskip=\skip66
\cftbeforepartskip=\skip67
\cftpartnumwidth=\skip68
\cftpartindent=\skip69
\cftbeforechapskip=\skip70
\cftchapindent=\skip71
\cftchapnumwidth=\skip72
\cftbeforesecskip=\skip73
\cftsecindent=\skip74
\cftsecnumwidth=\skip75
\cftbeforesubsecskip=\skip76
\cftsubsecindent=\skip77
\cftsubsecnumwidth=\skip78
\cftbeforesubsubsecskip=\skip79
\cftsubsubsecindent=\skip80
\cftsubsubsecnumwidth=\skip81
\cftbeforeparaskip=\skip82
\cftparaindent=\skip83
\cftparanumwidth=\skip84
\cftbeforesubparaskip=\skip85
\cftsubparaindent=\skip86
\cftsubparanumwidth=\skip87
\cftbeforeloftitleskip=\skip88
\cftafterloftitleskip=\skip89
\cftbeforefigskip=\skip90
\cftfigindent=\skip91
\cftfignumwidth=\skip92
\c@lofdepth=\count299
\c@lotdepth=\count300
\cftbeforelottitleskip=\skip93
\cftafterlottitleskip=\skip94
\cftbeforetabskip=\skip95
\cfttabindent=\skip96
\cfttabnumwidth=\skip97
)
(/Users/nikhil/Library/Application Support/MiKTeX/texmfs/install/tex/latex/l3ba
ckend/l3backend-pdftex.def
File: l3backend-pdftex.def 2024-02-20 L3 backend support: PDF output (pdfTeX)
\l__color_backend_stack_int=\count301
\l__pdf_internal_box=\box52
) (INFO1111 Skills Template.aux

LaTeX Warning: Label `fig' multiply defined.


LaTeX Warning: Label `fig' multiply defined.


LaTeX Warning: Label `fig' multiply defined.

)
\openout1 = `"INFO1111 Skills Template.aux"'.

LaTeX Font Info:    Checking defaults for OML/cmm/m/it on input line 27.
LaTeX Font Info:    ... okay on input line 27.
LaTeX Font Info:    Checking defaults for OMS/cmsy/m/n on input line 27.
LaTeX Font Info:    ... okay on input line 27.
LaTeX Font Info:    Checking defaults for OT1/cmr/m/n on input line 27.
LaTeX Font Info:    ... okay on input line 27.
LaTeX Font Info:    Checking defaults for T1/cmr/m/n on input line 27.
LaTeX Font Info:    ... okay on input line 27.
LaTeX Font Info:    Checking defaults for TS1/cmr/m/n on input line 27.
LaTeX Font Info:    ... okay on input line 27.
LaTeX Font Info:    Checking defaults for OMX/cmex/m/n on input line 27.
LaTeX Font Info:    ... okay on input line 27.
LaTeX Font Info:    Checking defaults for U/cmr/m/n on input line 27.
LaTeX Font Info:    ... okay on input line 27.
LaTeX Font Info:    Checking defaults for PD1/pdf/m/n on input line 27.
LaTeX Font Info:    ... okay on input line 27.
LaTeX Font Info:    Checking defaults for PU/pdf/m/n on input line 27.
LaTeX Font Info:    ... okay on input line 27.

*geometry* driver: auto-detecting
*geometry* detected driver: pdftex
*geometry* verbose mode - [ preamble ] result:
* driver: pdftex
* paper: a4paper
* layout: <same size as paper>
* layoutoffset:(h,v)=(0.0pt,0.0pt)
* modes: 
* h-part:(L,W,R)=(85.35826pt, 426.79135pt, 85.35826pt)
* v-part:(T,H,B)=(85.35826pt, 674.33032pt, 85.35826pt)
* \paperwidth=597.50787pt
* \paperheight=845.04684pt
* \textwidth=426.79135pt
* \textheight=674.33032pt
* \oddsidemargin=13.08827pt
* \evensidemargin=13.08827pt
* \topmargin=-23.91173pt
* \headheight=12.0pt
* \headsep=25.0pt
* \topskip=11.0pt
* \footskip=30.0pt
* \marginparwidth=50.0pt
* \marginparsep=10.0pt
* \columnsep=10.0pt
* \skip\footins=10.0pt plus 4.0pt minus 2.0pt
* \hoffset=0.0pt
* \voffset=0.0pt
* \mag=1000
* \@twocolumnfalse
* \@twosidefalse
* \@mparswitchfalse
* \@reversemarginfalse
* (1in=72.27pt=25.4mm, 1cm=28.453pt)

Package hyperref Info: Link coloring OFF on input line 27.
(INFO1111 Skills Template.out) (INFO1111 Skills Template.out)
\@outlinefile=\write3
\openout3 = `"INFO1111 Skills Template.out"'.


(/Users/nikhil/Library/Application Support/MiKTeX/texmfs/install/tex/context/ba
se/mkii/supp-pdf.mkii
[Loading MPS to PDF converter (version 2006.09.02).]
\scratchcounter=\count302
\scratchdimen=\dimen162
\scratchbox=\box53
\nofMPsegments=\count303
\nofMParguments=\count304
\everyMPshowfont=\toks22
\MPscratchCnt=\count305
\MPscratchDim=\dimen163
\MPnumerator=\count306
\makeMPintoPDFobject=\count307
\everyMPtoPDFconversion=\toks23
)
(/Users/nikhil/Library/Application Support/MiKTeX/texmfs/install/tex/latex/epst
opdf-pkg/epstopdf-base.sty
Package: epstopdf-base 2020-01-24 v2.11 Base part for package epstopdf
Package epstopdf-base Info: Redefining graphics rule for `.eps' on input line 4
85.

(/Users/nikhil/Library/Application Support/MiKTeX/texmfs/install/tex/latex/00mi
ktex/epstopdf-sys.cfg
File: epstopdf-sys.cfg 2021/03/18 v2.0 Configuration of epstopdf for MiKTeX
))
<USyd.jpg, id=59, 257.46187pt x 89.58469pt>
File: USyd.jpg Graphic file (type jpg)
<use USyd.jpg>
Package pdftex.def Info: USyd.jpg  used on input line 62.
(pdftex.def)             Requested size: 113.81102pt x 39.60054pt.
LaTeX Font Info:    External font `cmex10' loaded for size
(Font)              <10.95> on input line 74.
LaTeX Font Info:    External font `cmex10' loaded for size
(Font)              <8> on input line 74.
LaTeX Font Info:    External font `cmex10' loaded for size
(Font)              <6> on input line 74.

Overfull \hbox (3.06747pt too wide) in paragraph at lines 77--77
[]\T1/cmr/m/n/10.95 Foundation| 
 []

[1

{/Users/nikhil/Library/Application Support/MiKTeX/texmfs/data/fonts/map/pdftex/
pdftex.map} <./USyd.jpg>] (INFO1111 Skills Template.toc)
\tf@toc=\write4
\openout4 = `"INFO1111 Skills Template.toc"'.

 [1] [2] [3]
Underfull \hbox (badness 10000) in paragraph at lines 143--144

 []

[4] [5]
<pulling-nikhil.jpg, id=118, 570.13pt x 115.43124pt>
File: pulling-nikhil.jpg Graphic file (type jpg)
<use pulling-nikhil.jpg>
Package pdftex.def Info: pulling-nikhil.jpg  used on input line 213.
(pdftex.def)             Requested size: 570.12862pt x 115.43095pt.

Overfull \hbox (143.33727pt too wide) in paragraph at lines 213--214
[][] 
 []

<pdflatex-nikhil.jpg, id=120, 568.1225pt x 342.27875pt>
File: pdflatex-nikhil.jpg Graphic file (type jpg)
<use pdflatex-nikhil.jpg>
Package pdftex.def Info: pdflatex-nikhil.jpg  used on input line 219.
(pdftex.def)             Requested size: 568.1211pt x 342.2779pt.

Overfull \hbox (141.32974pt too wide) in paragraph at lines 219--220
[][] 
 []

<bibtex-nikhil.jpg, id=121, 567.11874pt x 344.28625pt>
File: bibtex-nikhil.jpg Graphic file (type jpg)
<use bibtex-nikhil.jpg>
Package pdftex.def Info: bibtex-nikhil.jpg  used on input line 225.
(pdftex.def)             Requested size: 567.11736pt x 344.2854pt.

Overfull \hbox (140.326pt too wide) in paragraph at lines 225--226
[][] 
 []

<push-nikhil.jpg, id=122, 569.12625pt x 367.3725pt>
File: push-nikhil.jpg Graphic file (type jpg)
<use push-nikhil.jpg>
Package pdftex.def Info: push-nikhil.jpg  used on input line 231.
(pdftex.def)             Requested size: 569.12486pt x 367.37158pt.

Overfull \hbox (142.33351pt too wide) in paragraph at lines 231--232
[][] 
 []

[6 <./pulling-nikhil.jpg>] [7 <./pdflatex-nikhil.jpg>] [8 <./bibtex-nikhil.jpg>
] [9 <./push-nikhil.jpg>] [10] [11]
Underfull \hbox (badness 10000) in paragraph at lines 252--253

 []


Underfull \hbox (badness 10000) in paragraph at lines 281--282

 []

[12]
Underfull \hbox (badness 10000) in paragraph at lines 305--306

 []

[13] [14] [15]
Overfull \hbox (1.40266pt too wide) in paragraph at lines 436--436
|[]\T1/cmr/bx/n/13 Tools and Skills for Cy-ber Se-cu-rity: FAM-NAME4, given-Nam
e4| 
 []

[16] [17] (INFO1111 Skills Template.bbl) [18

] (INFO1111 Skills Template.aux)
 ***********
LaTeX2e <2023-11-01> patch level 1
L3 programming layer <2024-02-20>
 ***********


LaTeX Warning: There were multiply-defined labels.

Package rerunfilecheck Info: File `"INFO1111 Skills Template".out' has not chan
ged.
(rerunfilecheck)             Checksum: ED16A6174ACBBDC6D634D8F48A32870C;4054.
 ) 
Here is how much of TeX's memory you used:
 11476 strings out of 474457
 189234 string characters out of 5733819
 1942187 words of memory out of 5000000
 33570 multiletter control sequences out of 15000+600000
 568863 words of font info for 56 fonts, out of 8000000 for 9000
 1141 hyphenation exceptions out of 8191
 75i,9n,79p,1191b,647s stack positions out of 10000i,1000n,20000p,200000b,200000s
 </Users/nikhil/Library/Application Support/MiKTeX/texmfs/data/fonts/pk/ljfou
r/jknappen/ec/dpi650/ecbx1200.pk> </Users/nikhil/Library/Application Support/Mi
KTeX/texmfs/data/fonts/pk/ljfour/jknappen/ec/dpi600/ecrm0800.pk> </Users/nikhil
/Library/Application Support/MiKTeX/texmfs/data/fonts/pk/ljfour/jknappen/ec/dpi
657/ecbx1000.pk> </Users/nikhil/Library/Application Support/MiKTeX/texmfs/data/
fonts/pk/ljfour/jknappen/ec/dpi750/ecbx1200.pk> </Users/nikhil/Library/Applicat
ion Support/MiKTeX/texmfs/data/fonts/pk/ljfour/jknappen/ec/dpi1244/ecbx1200.pk>
 </Users/nikhil/Library/Application Support/MiKTeX/texmfs/data/fonts/pk/ljfour/
jknappen/ec/dpi657/tcrm1000.pk> </Users/nikhil/Library/Application Support/MiKT
eX/texmfs/data/fonts/pk/ljfour/jknappen/ec/dpi657/ecrm1000.pk> </Users/nikhil/L
ibrary/Application Support/MiKTeX/texmfs/data/fonts/pk/ljfour/jknappen/ec/dpi60
0/ecbx1200.pk> </Users/nikhil/Library/Application Support/MiKTeX/texmfs/data/fo
nts/pk/ljfour/jknappen/ec/dpi1037/ecbx1200.pk></Users/nikhil/Library/Applicatio
n Support/MiKTeX/texmfs/install/fonts/type1/public/amsfonts/cm/cmsy10.pfb>
Output written on "INFO1111 Skills Template.pdf" (19 pages, 1072051 bytes).
PDF statistics:
 572 PDF objects out of 1000 (max. 8388607)
 80 named destinations out of 1000 (max. 500000)
 138 words of extra memory for PDF output out of 10000 (max. 10000000)

