This is pdfTeX, Version 3.141592653-2.6-1.40.24 (MiKTeX 22.1) (preloaded format=pdflatex 2024.3.7)  11 MAR 2024 23:55
entering extended mode
 restricted \write18 enabled.
 %&-line parsing enabled.
**/Users/nikhil/Library/CloudStorage/OneDrive-TheUniversityofSydney(Students)/S
emester 1 2024/INFO1111/INFO1111_CC09/INFO1111 Skills Template/INFO1111 Skills 
Template.tex /Users/nikhil/Library/CloudStorage/OneDrive-TheUniversityofSydney(
Students)/Semester 1 2024/INFO1111/INFO1111_CC09/INFO1111 Skills Template/INFO1
111 Skills Template.pdf

(/Users/nikhil/Library/Application Support/MiKTeX/texmfs/install/tex/latex/tool
s/x.tex
LaTeX2e <2023-11-01> patch level 1
L3 programming layer <2024-02-20>

! .
l.38   \batchmode \errmessage{}
                               \csname @@end\endcsname \end
This error message was generated by an \errmessage
command, so I can't give any explicit help.
Pretend that you're Hercule Poirot: Examine all clues,
and deduce the truth by order and method.

 ) 
Here is how much of TeX's memory you used:
 22 strings out of 474457
 731 string characters out of 5733819
 1925187 words of memory out of 5000000
 22430 multiletter control sequences out of 15000+600000
 558069 words of font info for 36 fonts, out of 8000000 for 9000
 1141 hyphenation exceptions out of 8191
 12i,0n,13p,517b,8s stack positions out of 10000i,1000n,20000p,200000b,200000s

No pages of output.
PDF statistics:
 0 PDF objects out of 1000 (max. 8388607)
 0 named destinations out of 1000 (max. 500000)
 1 words of extra memory for PDF output out of 10000 (max. 10000000)

